<?xml version="1.0" encoding="UTF-8"?>
<testsuite name="TestStringAndMapBuilders" tests="1" skipped="0" failures="0" errors="0" timestamp="2023-12-30T23:22:19" hostname="McBkPr14M1Pr20vi5.local" time="0.003">
  <properties/>
  <testcase name="testBuildMap" classname="TestStringAndMapBuilders" time="0.003"/>
  <system-out><![CDATA[]]></system-out>
  <system-err><![CDATA[]]></system-err>
</testsuite>
