<?xml version="1.0" encoding="UTF-8"?>
<testsuite name="TestFlatMap" tests="2" skipped="0" failures="0" errors="0" timestamp="2023-12-27T23:12:09" hostname="McBkPr14M1Pr20vi5.local" time="0.019">
  <properties/>
  <testcase name="testGetOrderedProductsSet" classname="TestFlatMap" time="0.018"/>
  <testcase name="testGetAllOrderedProducts" classname="TestFlatMap" time="0.001"/>
  <system-out><![CDATA[]]></system-out>
  <system-err><![CDATA[]]></system-err>
</testsuite>
