<?xml version="1.0" encoding="UTF-8"?>
<testsuite name="TestOperatorsOverloading" tests="3" skipped="0" failures="0" errors="0" timestamp="2023-12-26T14:42:10" hostname="McBkPr14M1Pr20vi5.local" time="0.017">
  <properties/>
  <testcase name="testOneMonth" classname="TestOperatorsOverloading" time="0.014"/>
  <testcase name="testAddOneTimeInterval" classname="TestOperatorsOverloading" time="0.002"/>
  <testcase name="testMonthChange" classname="TestOperatorsOverloading" time="0.0"/>
  <system-out><![CDATA[]]></system-out>
  <system-err><![CDATA[]]></system-err>
</testsuite>
