<?xml version="1.0" encoding="UTF-8"?>
<testsuite name="TestLazyProperty" tests="2" skipped="0" failures="0" errors="0" timestamp="2023-12-30T18:28:04" hostname="McBkPr14M1Pr20vi5.local" time="0.003">
  <properties/>
  <testcase name="testLazy" classname="TestLazyProperty" time="0.002"/>
  <testcase name="initializedOnce" classname="TestLazyProperty" time="0.001"/>
  <system-out><![CDATA[]]></system-out>
  <system-err><![CDATA[]]></system-err>
</testsuite>
