<?xml version="1.0" encoding="UTF-8"?>
<testsuite name="TestAssociate" tests="3" skipped="0" failures="0" errors="0" timestamp="2023-12-26T17:42:06" hostname="McBkPr14M1Pr20vi5.local" time="0.016">
  <properties/>
  <testcase name="testAssociate" classname="TestAssociate" time="0.016"/>
  <testcase name="testAssociateBy" classname="TestAssociate" time="0.0"/>
  <testcase name="testAssociateWith" classname="TestAssociate" time="0.0"/>
  <system-out><![CDATA[]]></system-out>
  <system-err><![CDATA[]]></system-err>
</testsuite>
