<?xml version="1.0" encoding="UTF-8"?>
<testsuite name="TestSealedClasses" tests="3" skipped="0" failures="0" errors="0" timestamp="2023-12-25T15:31:23" hostname="McBkPr14M1Pr20vi5.local" time="0.002">
  <properties/>
  <testcase name="testNum" classname="TestSealedClasses" time="0.001"/>
  <testcase name="testSum" classname="TestSealedClasses" time="0.0"/>
  <testcase name="testRecursion" classname="TestSealedClasses" time="0.0"/>
  <system-out><![CDATA[]]></system-out>
  <system-err><![CDATA[]]></system-err>
</testsuite>
