<?xml version="1.0" encoding="UTF-8"?>
<testsuite name="TestMaxMin" tests="2" skipped="0" failures="0" errors="0" timestamp="2023-12-28T01:17:42" hostname="McBkPr14M1Pr20vi5.local" time="0.019">
  <properties/>
  <testcase name="testTheMostExpensiveOrderedProduct" classname="TestMaxMin" time="0.018"/>
  <testcase name="testCustomerWithMaximumNumberOfOrders" classname="TestMaxMin" time="0.0"/>
  <system-out><![CDATA[]]></system-out>
  <system-err><![CDATA[]]></system-err>
</testsuite>
