<?xml version="1.0" encoding="UTF-8"?>
<testsuite name="TestPartition" tests="1" skipped="0" failures="0" errors="0" timestamp="2023-12-27T14:28:16" hostname="McBkPr14M1Pr20vi5.local" time="0.022">
  <properties/>
  <testcase name="testGetCustomersWhoHaveMoreUndeliveredOrdersThanDelivered" classname="TestPartition" time="0.022"/>
  <system-out><![CDATA[]]></system-out>
  <system-err><![CDATA[]]></system-err>
</testsuite>
