<?xml version="1.0" encoding="UTF-8"?>
<testsuite name="TestNamedArguments" tests="1" skipped="0" failures="0" errors="0" timestamp="2023-12-25T00:57:30" hostname="McBkPr14M1Pr20vi5.local" time="0.018">
  <properties/>
  <testcase name="testJoinToString" classname="TestNamedArguments" time="0.018"/>
  <system-out><![CDATA[]]></system-out>
  <system-err><![CDATA[]]></system-err>
</testsuite>
