<?xml version="1.0" encoding="UTF-8"?>
<testsuite name="TestGenericFunctions" tests="2" skipped="0" failures="0" errors="0" timestamp="2023-12-31T20:31:51" hostname="McBkPr14M1Pr20vi5.local" time="0.021">
  <properties/>
  <testcase name="testPartitionLettersAndOtherSymbols" classname="TestGenericFunctions" time="0.014"/>
  <testcase name="testPartitionWordsAndLines" classname="TestGenericFunctions" time="0.007"/>
  <system-out><![CDATA[]]></system-out>
  <system-err><![CDATA[]]></system-err>
</testsuite>
