<?xml version="1.0" encoding="UTF-8"?>
<testsuite name="TestDataClasses" tests="2" skipped="0" failures="0" errors="0" timestamp="2023-12-25T11:53:46" hostname="McBkPr14M1Pr20vi5.local" time="0.008">
  <properties/>
  <testcase name="testComparePeople" classname="TestDataClasses" time="0.001"/>
  <testcase name="testListOfPeople" classname="TestDataClasses" time="0.007"/>
  <system-out><![CDATA[]]></system-out>
  <system-err><![CDATA[]]></system-err>
</testsuite>
