<?xml version="1.0" encoding="UTF-8"?>
<testsuite name="TestProperties" tests="1" skipped="0" failures="0" errors="0" timestamp="2023-12-30T18:20:01" hostname="McBkPr14M1Pr20vi5.local" time="0.001">
  <properties/>
  <testcase name="testPropertyWithCounter" classname="TestProperties" time="0.001"/>
  <system-out><![CDATA[]]></system-out>
  <system-err><![CDATA[]]></system-err>
</testsuite>
