<?xml version="1.0" encoding="UTF-8"?>
<testsuite name="TestInvoke" tests="2" skipped="0" failures="0" errors="0" timestamp="2023-12-26T15:00:14" hostname="McBkPr14M1Pr20vi5.local" time="0.003">
  <properties/>
  <testcase name="testInvokeTwice" classname="TestInvoke" time="0.002"/>
  <testcase name="testNumberOfInvocations" classname="TestInvoke" time="0.0"/>
  <system-out><![CDATA[]]></system-out>
  <system-err><![CDATA[]]></system-err>
</testsuite>
