<?xml version="1.0" encoding="UTF-8"?>
<testsuite name="Test" tests="1" skipped="0" failures="0" errors="0" timestamp="2023-12-25T01:44:05" hostname="McBkPr14M1Pr20vi5.local" time="0.002">
  <properties/>
  <testcase name="testSolution" classname="Test" time="0.002"/>
  <system-out><![CDATA[]]></system-out>
  <system-err><![CDATA[]]></system-err>
</testsuite>
