<?xml version="1.0" encoding="UTF-8"?>
<testsuite name="TestSum" tests="2" skipped="0" failures="0" errors="0" timestamp="2023-12-28T01:21:17" hostname="McBkPr14M1Pr20vi5.local" time="0.021">
  <properties/>
  <testcase name="testGetTotalOrderPrice" classname="TestSum" time="0.02"/>
  <testcase name="testGetTotalOrderPrice1" classname="TestSum" time="0.001"/>
  <system-out><![CDATA[]]></system-out>
  <system-err><![CDATA[]]></system-err>
</testsuite>
