<?xml version="1.0" encoding="UTF-8"?>
<testsuite name="TestDelegatesHowItWorks" tests="1" skipped="0" failures="0" errors="0" timestamp="2023-12-30T18:56:05" hostname="McBkPr14M1Pr20vi5.local" time="0.004">
  <properties/>
  <testcase name="testDate" classname="TestDelegatesHowItWorks" time="0.004"/>
  <system-out><![CDATA[]]></system-out>
  <system-err><![CDATA[]]></system-err>
</testsuite>
