<?xml version="1.0" encoding="UTF-8"?>
<testsuite name="TestForLoop" tests="2" skipped="0" failures="0" errors="0" timestamp="2023-12-26T11:31:03" hostname="McBkPr14M1Pr20vi5.local" time="0.007">
  <properties/>
  <testcase name="testIterateOverDateRange" classname="TestForLoop" time="0.006"/>
  <testcase name="testIterateOverEmptyRange" classname="TestForLoop" time="0.001"/>
  <system-out><![CDATA[]]></system-out>
  <system-err><![CDATA[]]></system-err>
</testsuite>
