<?xml version="1.0" encoding="UTF-8"?>
<testsuite name="TestGroupBy" tests="1" skipped="0" failures="0" errors="0" timestamp="2023-12-26T17:45:35" hostname="McBkPr14M1Pr20vi5.local" time="0.015">
  <properties/>
  <testcase name="testGroupCustomersByCity" classname="TestGroupBy" time="0.015"/>
  <system-out><![CDATA[]]></system-out>
  <system-err><![CDATA[]]></system-err>
</testsuite>
